<?xml version="1.0" encoding="UTF-8"?>
<testsuite xmlns:xsi="http://www.w3.org/2001/XMLSchema-instance" xsi:noNamespaceSchemaLocation="https://maven.apache.org/surefire/maven-surefire-plugin/xsd/surefire-test-report-3.0.xsd" version="3.0" name="StockAlertTest" time="0.092" tests="4" errors="0" skipped="0" failures="0">
  <properties>
[...]
</properties>
  <testcase name="testExactThreshold" classname="StockAlertTest" time="0.039"/>
  <testcase name="testAlertMessage" classname="StockAlertTest" time="0.004"/>
  <testcase name="testAlertTriggered" classname="StockAlertTest" time="0.0"/>
  <testcase name="testNoAlert" classname="StockAlertTest" time="0.002"/>
</testsuite>